02:58:54:878 [10504] | INFO  | Initializing crosire's ReShade version '5.8.0.1726' (64-bit) loaded from "C:\ProgramData\ReShade\ReShade64.dll" into "C:\games\No Man's Sky Box\Binaries\NMS.exe" ...
02:58:54:879 [10504] | INFO  | Registering hooks for "user32.dll" ...
02:58:54:880 [10504] | INFO  | > Libraries loaded.
02:58:54:881 [10504] | INFO  | > Found 14 match(es). Installing ...
02:58:54:896 [10504] | INFO  | Registering hooks for "ws2_32.dll" ...
02:58:54:896 [10504] | INFO  | > Libraries loaded.
02:58:54:896 [10504] | INFO  | > Found 8 match(es). Installing ...
02:58:54:907 [10504] | INFO  | Registering hooks for "C:\Windows\system32\d2d1.dll" ...
02:58:54:907 [10504] | INFO  | > Delayed.
02:58:54:908 [10504] | INFO  | Registering hooks for "C:\Windows\system32\d3d9.dll" ...
02:58:54:908 [10504] | INFO  | > Delayed.
02:58:54:908 [10504] | INFO  | Registering hooks for "C:\Windows\system32\d3d10.dll" ...
02:58:54:908 [10504] | INFO  | > Delayed.
02:58:54:909 [10504] | INFO  | Registering hooks for "C:\Windows\system32\d3d10_1.dll" ...
02:58:54:909 [10504] | INFO  | > Delayed.
02:58:54:909 [10504] | INFO  | Registering hooks for "C:\Windows\system32\d3d11.dll" ...
02:58:54:909 [10504] | INFO  | > Delayed.
02:58:54:909 [10504] | INFO  | Registering hooks for "C:\Windows\system32\d3d12.dll" ...
02:58:54:910 [10504] | INFO  | > Delayed.
02:58:54:910 [10504] | INFO  | Registering hooks for "C:\Windows\system32\dxgi.dll" ...
02:58:54:910 [10504] | INFO  | > Libraries loaded.
02:58:54:910 [10504] | INFO  | > Found 5 match(es). Installing ...
02:58:54:921 [10504] | INFO  | Registering hooks for "C:\Windows\system32\opengl32.dll" ...
02:58:54:921 [10504] | INFO  | > Delayed.
02:58:54:922 [10504] | INFO  | Registering hooks for "vrclient_x64.dll" ...
02:58:54:922 [10504] | INFO  | > Delayed.
02:58:54:922 [10504] | INFO  | Registering hooks for "C:\Windows\system32\dinput.dll" ...
02:58:54:922 [10504] | INFO  | > Delayed.
02:58:54:922 [10504] | INFO  | Initialized.
02:58:54:922 [10504] | INFO  | Redirecting CreateDXGIFactory1(riid = {C1B6694F-FF09-44A9-B03C-77900A0A1D17}, ppFactory = 0000000280D2F2D0) ...
02:58:54:923 [10504] | INFO  | Redirecting vkCreateInstance(pCreateInfo = 0000000280D2F230, pAllocator = 0000000000000000, pInstance = 0000000280D2F5D0) ...
02:58:54:923 [10504] | INFO  | > Dumping enabled instance extensions:
02:58:54:923 [10504] | INFO  |   VK_KHR_surface
02:58:54:923 [10504] | INFO  |   VK_KHR_get_physical_device_properties2
02:58:54:923 [10504] | INFO  |   VK_EXT_debug_utils
02:58:54:923 [10504] | INFO  |   VK_KHR_surface
02:58:54:923 [10504] | INFO  |   VK_KHR_win32_surface
02:58:54:923 [10504] | INFO  |   VK_KHR_get_physical_device_properties2
02:58:54:925 [10504] | INFO  | Redirecting CreateDXGIFactory1(riid = {770AAE78-F26F-4DBA-A829-253C83D1B387}, ppFactory = 0000000280D2B318) ...
02:58:54:928 [10504] | INFO  | Redirecting CreateDXGIFactory1(riid = {770AAE78-F26F-4DBA-A829-253C83D1B387}, ppFactory = 0000000280D2B318) ...
02:58:54:929 [10504] | INFO  | > Requesting new Vulkan instance for API version 1.1.
02:59:00:626 [10504] | INFO  | Redirecting vkCreateWin32SurfaceKHR(instance = 000001A2E8906440, pCreateInfo = 0000000280D2E930, pAllocator = 0000000000000000, pSurface = 00007FF79343A570) ...
02:59:00:627 [10504] | INFO  | Redirecting CreateDXGIFactory1(riid = {C1B6694F-FF09-44A9-B03C-77900A0A1D17}, ppFactory = 0000000280D2C060) ...
02:59:00:627 [10504] | INFO  | Redirecting CreateDXGIFactory1(riid = {C1B6694F-FF09-44A9-B03C-77900A0A1D17}, ppFactory = 0000000280D2C060) ...
02:59:00:627 [10504] | INFO  | Redirecting CreateDXGIFactory1(riid = {C1B6694F-FF09-44A9-B03C-77900A0A1D17}, ppFactory = 0000000280D2C050) ...
02:59:00:628 [10504] | INFO  | Redirecting CreateDXGIFactory1(riid = {C1B6694F-FF09-44A9-B03C-77900A0A1D17}, ppFactory = 0000000280D2C050) ...
02:59:00:628 [10504] | INFO  | Redirecting CreateDXGIFactory1(riid = {C1B6694F-FF09-44A9-B03C-77900A0A1D17}, ppFactory = 0000000280D2C060) ...
02:59:00:628 [10504] | INFO  | Redirecting CreateDXGIFactory1(riid = {C1B6694F-FF09-44A9-B03C-77900A0A1D17}, ppFactory = 0000000280D2C060) ...
02:59:00:629 [10504] | INFO  | Redirecting CreateDXGIFactory1(riid = {C1B6694F-FF09-44A9-B03C-77900A0A1D17}, ppFactory = 0000000280D2C050) ...
02:59:00:629 [10504] | INFO  | Redirecting CreateDXGIFactory1(riid = {C1B6694F-FF09-44A9-B03C-77900A0A1D17}, ppFactory = 0000000280D2C050) ...
02:59:00:632 [10504] | INFO  | Redirecting vkCreateDevice(physicalDevice = 000001A2EBCC8960, pCreateInfo = 0000000280D2C5B0, pAllocator = 0000000000000000, pDevice = 0000000280D2C568) ...
02:59:00:632 [10504] | INFO  | > Dumping enabled device extensions:
02:59:00:632 [10504] | INFO  |   VK_KHR_swapchain
02:59:00:633 [10504] | INFO  |   VK_EXT_shader_subgroup_ballot
02:59:00:633 [10504] | INFO  |   VK_EXT_hdr_metadata
02:59:00:633 [10504] | INFO  |   VK_KHR_maintenance1
02:59:00:633 [10504] | INFO  |   VK_EXT_memory_budget
02:59:00:633 [10504] | INFO  |   VK_EXT_memory_priority
02:59:00:633 [10504] | INFO  |   VK_KHR_get_memory_requirements2
02:59:00:634 [10504] | INFO  |   VK_KHR_dedicated_allocation
02:59:00:634 [10504] | INFO  |   VK_EXT_full_screen_exclusive
02:59:00:634 [10504] | INFO  |   VK_NVX_binary_import
02:59:00:634 [10504] | INFO  |   VK_NVX_image_view_handle
02:59:00:634 [10504] | INFO  |   VK_EXT_buffer_device_address
02:59:00:634 [10504] | INFO  |   VK_KHR_push_descriptor
02:59:00:634 [10504] | WARN  | Vulkan queue used for rendering has a low priority (0).
02:59:00:807 [10504] | INFO  | Installing delayed hooks for "C:\Windows\system32\d3d11.dll" (Just loaded via LoadLibrary("C:\Windows\SYSTEM32\WindowsCodecs.dll")) ...
02:59:00:808 [10504] | INFO  | > Found 3 match(es). Installing ...
02:59:00:842 [10504] | INFO  | Redirecting CreateDXGIFactory1(riid = {770AAE78-F26F-4DBA-A829-253C83D1B387}, ppFactory = 0000000280D29B18) ...
02:59:01:656 [10504] | INFO  | Redirecting vkCreateSwapchainKHR(device = 000001A3585A5320, pCreateInfo = 0000000280D2E2B0, pAllocator = 0000000000000000, pSwapchain = 00007FF79343A578) ...
02:59:01:657 [10504] | INFO  | > Dumping swap chain description:
02:59:01:658 [10504] | INFO  |   +-----------------------------------------+-----------------------------------------+
02:59:01:658 [10504] | INFO  |   | Parameter                               | Value                                   |
02:59:01:658 [10504] | INFO  |   +-----------------------------------------+-----------------------------------------+
02:59:01:658 [10504] | INFO  |   | flags                                   | 0x4                                     |
02:59:01:659 [10504] | INFO  |   | surface                                 | 000001A2E8DFD460                        |
02:59:01:659 [10504] | INFO  |   | minImageCount                           | 2                                       |
02:59:01:659 [10504] | INFO  |   | imageFormat                             | VK_FORMAT_B8G8R8A8_UNORM                |
02:59:01:659 [10504] | INFO  |   | imageColorSpace                         | 0                                       |
02:59:01:659 [10504] | INFO  |   | imageExtent                             | 1920                1061                |
02:59:01:659 [10504] | INFO  |   | imageArrayLayers                        | 1                                       |
02:59:01:659 [10504] | INFO  |   | imageUsage                              | 0x17                                    |
02:59:01:659 [10504] | INFO  |   | imageSharingMode                        | 0                                       |
02:59:01:659 [10504] | INFO  |   | queueFamilyIndexCount                   | 0                                       |
02:59:01:660 [10504] | INFO  |   | preTransform                            | 0x1                                     |
02:59:01:660 [10504] | INFO  |   | compositeAlpha                          | 0x1                                     |
02:59:01:660 [10504] | INFO  |   | presentMode                             | 0                                       |
02:59:01:660 [10504] | INFO  |   | clipped                                 | false                                   |
02:59:01:660 [10504] | INFO  |   | oldSwapchain                            | 0000000000000000                        |
02:59:01:660 [10504] | INFO  |   +-----------------------------------------+-----------------------------------------+
02:59:01:662 [10504] | INFO  | Installing delayed hooks for "C:\Windows\system32\opengl32.dll" (Just loaded via LoadLibrary("C:\Windows\SYSTEM32\GLU32.dll")) ...
02:59:01:663 [10504] | INFO  | > Found 360 match(es). Installing ...
02:59:01:694 [10504] | INFO  | Redirecting wglSetPixelFormat(hdc = FFFFFFFF8A010B5D, iPixelFormat = 1, ppfd = 0000000280D2C330) ...
02:59:01:873 [10504] | INFO  | Running on NVIDIA GeForce GTX 1660 Driver 536.23.
02:59:01:876 [10504] | INFO  | Recreated runtime environment on runtime 000001A46F4C5F50 ("C:\ProgramData\ReShade\ReShade.ini").
02:59:01:879 [10504] | INFO  | Redirecting vkDestroySwapchainKHR(000001A3585A5320, 000001A46C5F42A0, 0000000000000000) ...
02:59:01:879 [10504] | INFO  | Destroyed runtime environment on runtime 000001A46F4C5F50 ("C:\ProgramData\ReShade\ReShade.ini").
02:59:01:884 [10504] | INFO  | Redirecting vkCreateSwapchainKHR(device = 000001A3585A5320, pCreateInfo = 0000000280D2E2B0, pAllocator = 0000000000000000, pSwapchain = 00007FF79343A578) ...
02:59:01:884 [10504] | INFO  | > Dumping swap chain description:
02:59:01:885 [10504] | INFO  |   +-----------------------------------------+-----------------------------------------+
02:59:01:885 [10504] | INFO  |   | Parameter                               | Value                                   |
02:59:01:885 [10504] | INFO  |   +-----------------------------------------+-----------------------------------------+
02:59:01:885 [10504] | INFO  |   | flags                                   | 0x4                                     |
02:59:01:885 [10504] | INFO  |   | surface                                 | 000001A2E8DFD460                        |
02:59:01:886 [10504] | INFO  |   | minImageCount                           | 2                                       |
02:59:01:886 [10504] | INFO  |   | imageFormat                             | VK_FORMAT_B8G8R8A8_UNORM                |
02:59:01:886 [10504] | INFO  |   | imageColorSpace                         | 0                                       |
02:59:01:886 [10504] | INFO  |   | imageExtent                             | 1920                1080                |
02:59:01:886 [10504] | INFO  |   | imageArrayLayers                        | 1                                       |
02:59:01:887 [10504] | INFO  |   | imageUsage                              | 0x17                                    |
02:59:01:887 [10504] | INFO  |   | imageSharingMode                        | 0                                       |
02:59:01:887 [10504] | INFO  |   | queueFamilyIndexCount                   | 0                                       |
02:59:01:887 [10504] | INFO  |   | preTransform                            | 0x1                                     |
02:59:01:887 [10504] | INFO  |   | compositeAlpha                          | 0x1                                     |
02:59:01:887 [10504] | INFO  |   | presentMode                             | 0                                       |
02:59:01:887 [10504] | INFO  |   | clipped                                 | false                                   |
02:59:01:887 [10504] | INFO  |   | oldSwapchain                            | 0000000000000000                        |
02:59:01:887 [10504] | INFO  |   +-----------------------------------------+-----------------------------------------+
02:59:02:008 [10504] | INFO  | Running on NVIDIA GeForce GTX 1660 Driver 536.23.
02:59:02:011 [10504] | INFO  | Recreated runtime environment on runtime 000001A46F0DA760 ("C:\ProgramData\ReShade\ReShade.ini").
02:59:02:360 [05152] | INFO  | Successfully compiled "C:\Projects\Reshade\reshade-shaders\Shaders\LiftGammaGain.fx" in 0.002 s.
02:59:02:361 [11084] | INFO  | Successfully compiled "C:\Projects\Reshade\reshade-shaders\Shaders\AreaCopy.fx" in 0.003 s.
02:59:02:361 [04956] | INFO  | Successfully compiled "C:\Projects\Reshade\fubax-shaders\Shaders\BlueNoiseMotionBlur.fx" in 0.003 s.
02:59:02:364 [05152] | INFO  | Successfully compiled "C:\Projects\Reshade\reshade-shaders\Shaders\LumaSharpen.fx" in 0.002 s.
02:59:02:364 [11084] | INFO  | Successfully compiled "C:\Projects\Reshade\reshade-shaders\Shaders\Cartoon.fx" in 0.002 s.
02:59:02:365 [00620] | INFO  | Successfully compiled "C:\Projects\Reshade\prod80-shaders\Shaders\PD80_03_Color_Space_Curves.fx" in 0.006 s.
02:59:02:367 [08552] | INFO  | Successfully compiled "C:\Projects\Reshade\prod80-shaders\Shaders\PD80_04_Magical_Rectangle.fx" in 0.008 s.
02:59:02:367 [11084] | INFO  | Successfully compiled "C:\Projects\Reshade\reshade-shaders\Shaders\CAS.fx" in 0.002 s.
02:59:02:369 [11084] | INFO  | Successfully compiled "C:\Projects\Reshade\reshade-shaders\Shaders\ChromaticAberration.fx" in 0.001 s.
02:59:02:369 [04956] | INFO  | Successfully compiled "C:\Projects\Reshade\3areal-shaders\Shaders\BloomAndLensFlares.fx" in 0.006 s.
02:59:02:369 [00620] | INFO  | Successfully compiled "C:\Projects\Reshade\prod80-shaders\Shaders\PD80_03_Curved_Levels.fx" in 0.003 s.
02:59:02:370 [05152] | INFO  | Successfully compiled "C:\Projects\Reshade\reshade-shaders\Shaders\qUINT_bloom.fx" in 0.005 s.
02:59:02:370 [08552] | INFO  | Successfully compiled "C:\Projects\Reshade\prod80-shaders\Shaders\PD80_04_Saturation_Limit.fx" in 0.003 s.
02:59:02:370 [11084] | INFO  | Successfully compiled "C:\Projects\Reshade\reshade-shaders\Shaders\ColorMatrix.fx" in 0.001 s.
02:59:02:372 [04956] | INFO  | Successfully compiled "C:\Projects\Reshade\3areal-shaders\Shaders\PerfectPerspective.fx" in 0.002 s.
02:59:02:372 [00620] | INFO  | Successfully compiled "C:\Projects\Reshade\prod80-shaders\Shaders\PD80_03_Filmic_Adaptation.fx" in 0.002 s.
02:59:02:373 [11084] | INFO  | Successfully compiled "C:\Projects\Reshade\reshade-shaders\Shaders\Curves.fx" in 0.002 s.
02:59:02:374 [00620] | INFO  | Successfully compiled "C:\Projects\Reshade\prod80-shaders\Shaders\PD80_03_Levels.fx" in 0.002 s.
02:59:02:375 [11084] | INFO  | Successfully compiled "C:\Projects\Reshade\reshade-shaders\Shaders\DPX.fx" in 0.001 s.
02:59:02:376 [08552] | INFO  | Successfully compiled "C:\Projects\Reshade\prod80-shaders\Shaders\PD80_04_Selective_Color.fx" in 0.006 s.
02:59:02:377 [05152] | INFO  | Successfully compiled "C:\Projects\Reshade\reshade-shaders\Shaders\qUINT_dof.fx" in 0.006 s.
02:59:02:378 [11084] | INFO  | Successfully compiled "C:\Projects\Reshade\reshade-shaders\Shaders\EyeAdaption.fx" in 0.002 s.
02:59:02:379 [04956] | INFO  | Successfully compiled "C:\Projects\Reshade\3areal-shaders\Shaders\PPFX_Bloom.fx" in 0.007 s.
02:59:02:379 [05152] | INFO  | Successfully compiled "C:\Projects\Reshade\reshade-shaders\Shaders\qUINT_sharp.fx" in 0.002 s.
02:59:02:380 [11084] | INFO  | Successfully compiled "C:\Projects\Reshade\reshade-shaders\Shaders\FakeHDR.fx" in 0.001 s.
02:59:02:380 [00620] | INFO  | Successfully compiled "C:\Projects\Reshade\prod80-shaders\Shaders\PD80_03_Shadows_Midtones_Highlights.fx" in 0.005 s.
02:59:02:384 [11084] | INFO  | Successfully compiled "C:\Projects\Reshade\reshade-shaders\Shaders\FilmGrain.fx" in 0.003 s.
02:59:02:385 [04956] | INFO  | Successfully compiled "C:\Projects\Reshade\3areal-shaders\Shaders\Smart_Sharp.fx" in 0.005 s.
02:59:02:385 [00620] | INFO  | Successfully compiled "C:\Projects\Reshade\prod80-shaders\Shaders\PD80_04_BlacknWhite.fx" in 0.005 s.
02:59:02:388 [04956] | INFO  | Successfully compiled "C:\Projects\Reshade\prod80-shaders\Shaders\PD80_01A_RT_Correct_Contrast.fx" in 0.003 s.
02:59:02:388 [00620] | INFO  | Successfully compiled "C:\Projects\Reshade\prod80-shaders\Shaders\PD80_04_Color_Balance.fx" in 0.002 s.
02:59:02:389 [08552] | INFO  | Successfully compiled "C:\Projects\Reshade\prod80-shaders\Shaders\PD80_04_Selective_Color_v2.fx" in 0.012 s.
02:59:02:389 [05152] | INFO  | Successfully compiled "C:\Projects\Reshade\reshade-shaders\Shaders\SMAA.fx" in 0.01 s.
02:59:02:391 [05152] | INFO  | Successfully compiled "C:\Projects\Reshade\reshade-shaders\Shaders\Technicolor.fx" in 0.001 s.
02:59:02:391 [11084] | INFO  | Successfully compiled "C:\Projects\Reshade\reshade-shaders\Shaders\FXAA.fx" in 0.007 s.
02:59:02:392 [08552] | INFO  | Successfully compiled "C:\Projects\Reshade\prod80-shaders\Shaders\PD80_04_Technicolor.fx" in 0.002 s.
02:59:02:393 [00620] | INFO  | Successfully compiled "C:\Projects\Reshade\prod80-shaders\Shaders\PD80_04_Color_Gradients.fx" in 0.004 s.
02:59:02:396 [11084] | INFO  | Successfully compiled "C:\Projects\Reshade\reshade-shaders\Shaders\Levels.fx" in 0.002 s.
02:59:02:396 [04956] | INFO  | Successfully compiled "C:\Projects\Reshade\prod80-shaders\Shaders\PD80_01B_RT_Correct_Color.fx" in 0.008 s.
02:59:02:397 [05152] | INFO  | Successfully compiled "C:\Projects\Reshade\reshade-shaders\Shaders\Technicolor2.fx" in 0.003 s.
02:59:02:399 [08552] | INFO  | Successfully compiled "C:\Projects\Reshade\prod80-shaders\Shaders\PD80_05_Sharpening.fx" in 0.004 s.
02:59:02:399 [05152] | INFO  | Successfully compiled "C:\Projects\Reshade\reshade-shaders\Shaders\Tonemap.fx" in 0.002 s.
02:59:02:400 [00620] | INFO  | Successfully compiled "C:\Projects\Reshade\prod80-shaders\Shaders\PD80_04_Color_Isolation.fx" in 0.005 s.
02:59:02:400 [04956] | INFO  | Successfully compiled "C:\Projects\Reshade\prod80-shaders\Shaders\PD80_01_Color_Gamut.fx" in 0.003 s.
02:59:02:402 [05152] | INFO  | Successfully compiled "C:\Projects\Reshade\reshade-shaders\Shaders\Vibrance.fx" in 0.002 s.
02:59:02:403 [08552] | INFO  | Successfully compiled "C:\Projects\Reshade\prod80-shaders\Shaders\PD80_06_Chromatic_Aberration.fx" in 0.003 s.
02:59:02:403 [00620] | INFO  | Successfully compiled "C:\Projects\Reshade\prod80-shaders\Shaders\PD80_04_Color_Temperature.fx" in 0.003 s.
02:59:02:404 [05152] | INFO  | Successfully compiled "C:\Projects\Reshade\reshade-shaders\Shaders\Vignette.fx" in 0.002 s.
02:59:02:407 [04956] | INFO  | Successfully compiled "C:\Projects\Reshade\prod80-shaders\Shaders\PD80_02_Bloom.fx" in 0.006 s.
02:59:02:408 [08552] | INFO  | Successfully compiled "C:\Projects\Reshade\prod80-shaders\Shaders\PD80_06_Depth_Slicer.fx" in 0.005 s.
02:59:02:411 [04956] | INFO  | Successfully compiled "C:\Projects\Reshade\prod80-shaders\Shaders\PD80_02_Bonus_LUT_pack.fx" in 0.003 s.
02:59:02:411 [00620] | INFO  | Successfully compiled "C:\Projects\Reshade\prod80-shaders\Shaders\PD80_04_Contrast_Brightness_Saturation.fx" in 0.007 s.
02:59:02:413 [08552] | INFO  | Successfully compiled "C:\Projects\Reshade\prod80-shaders\Shaders\PD80_06_Film_Grain.fx" in 0.005 s.
02:59:02:415 [04956] | WARN  | Successfully compiled "C:\Projects\Reshade\prod80-shaders\Shaders\PD80_02_Cinetools_LUT.fx" in 0.003 s with warnings:
warning: V__PD80_Technique_NameName__PD80_Technique_NameTex: another effect (PD80_02_Bonus_LUT_pack.fx) already created a texture with the same name but different dimensions
warning: V__PD80_Technique_NameName__PD80_Technique_NameTex: another effect (PD80_02_Bonus_LUT_pack.fx) already created a texture with a different image file

02:59:02:416 [08552] | INFO  | Successfully compiled "C:\Projects\Reshade\prod80-shaders\Shaders\PD80_06_Luma_Fade.fx" in 0.001 s.
02:59:02:417 [04956] | INFO  | Successfully compiled "C:\Projects\Reshade\prod80-shaders\Shaders\PD80_02_LUT_Creator.fx" in 0.001 s.
02:59:02:418 [08552] | INFO  | Successfully compiled "C:\Projects\Reshade\prod80-shaders\Shaders\PD80_06_Posterize_Pixelate.fx" in 0.002 s.
03:02:36:826 [10504] | INFO  | Redirecting vkDestroySwapchainKHR(000001A3585A5320, 000001A46C5F48E0, 0000000000000000) ...
03:02:36:830 [10504] | INFO  | Destroyed runtime environment on runtime 000001A46F0DA760 ("C:\ProgramData\ReShade\ReShade.ini").
03:02:36:839 [10504] | INFO  | Redirecting vkCreateSwapchainKHR(device = 000001A3585A5320, pCreateInfo = 0000000280D2F2B0, pAllocator = 0000000000000000, pSwapchain = 00007FF79343A578) ...
03:02:36:840 [10504] | INFO  | > Dumping swap chain description:
03:02:36:840 [10504] | INFO  |   +-----------------------------------------+-----------------------------------------+
03:02:36:840 [10504] | INFO  |   | Parameter                               | Value                                   |
03:02:36:841 [10504] | INFO  |   +-----------------------------------------+-----------------------------------------+
03:02:36:841 [10504] | INFO  |   | flags                                   | 0x4                                     |
03:02:36:841 [10504] | INFO  |   | surface                                 | 000001A2E8DFD460                        |
03:02:36:841 [10504] | INFO  |   | minImageCount                           | 2                                       |
03:02:36:841 [10504] | INFO  |   | imageFormat                             | VK_FORMAT_B8G8R8A8_UNORM                |
03:02:36:842 [10504] | INFO  |   | imageColorSpace                         | 0                                       |
03:02:36:842 [10504] | INFO  |   | imageExtent                             | 1920                1080                |
03:02:36:842 [10504] | INFO  |   | imageArrayLayers                        | 1                                       |
03:02:36:842 [10504] | INFO  |   | imageUsage                              | 0x17                                    |
03:02:36:842 [10504] | INFO  |   | imageSharingMode                        | 0                                       |
03:02:36:842 [10504] | INFO  |   | queueFamilyIndexCount                   | 0                                       |
03:02:36:842 [10504] | INFO  |   | preTransform                            | 0x1                                     |
03:02:36:842 [10504] | INFO  |   | compositeAlpha                          | 0x1                                     |
03:02:36:843 [10504] | INFO  |   | presentMode                             | 0                                       |
03:02:36:843 [10504] | INFO  |   | clipped                                 | false                                   |
03:02:36:843 [10504] | INFO  |   | oldSwapchain                            | 0000000000000000                        |
03:02:36:843 [10504] | INFO  |   +-----------------------------------------+-----------------------------------------+
03:02:36:968 [10504] | INFO  | Running on NVIDIA GeForce GTX 1660 Driver 536.23.
03:02:36:970 [10504] | INFO  | Recreated runtime environment on runtime 000001A5672E7150 ("C:\ProgramData\ReShade\ReShade.ini").
03:02:37:037 [09956] | INFO  | Successfully compiled "C:\Projects\Reshade\reshade-shaders\Shaders\LiftGammaGain.fx" in 0.001 s.
03:02:37:037 [05596] | INFO  | Successfully compiled "C:\Projects\Reshade\reshade-shaders\Shaders\AreaCopy.fx" in 0.002 s.
03:02:37:038 [05180] | INFO  | Successfully compiled "C:\Projects\Reshade\fubax-shaders\Shaders\BlueNoiseMotionBlur.fx" in 0.003 s.
03:02:37:040 [05596] | INFO  | Successfully compiled "C:\Projects\Reshade\reshade-shaders\Shaders\Cartoon.fx" in 0.001 s.
03:02:37:040 [09956] | INFO  | Successfully compiled "C:\Projects\Reshade\reshade-shaders\Shaders\LumaSharpen.fx" in 0.002 s.
03:02:37:041 [05064] | INFO  | Successfully compiled "C:\Projects\Reshade\prod80-shaders\Shaders\PD80_03_Color_Space_Curves.fx" in 0.005 s.
03:02:37:042 [05596] | INFO  | Successfully compiled "C:\Projects\Reshade\reshade-shaders\Shaders\CAS.fx" in 0.002 s.
03:02:37:044 [10616] | INFO  | Successfully compiled "C:\Projects\Reshade\prod80-shaders\Shaders\PD80_04_Magical_Rectangle.fx" in 0.008 s.
03:02:37:044 [05596] | INFO  | Successfully compiled "C:\Projects\Reshade\reshade-shaders\Shaders\ChromaticAberration.fx" in 0.001 s.
03:02:37:045 [05064] | INFO  | Successfully compiled "C:\Projects\Reshade\prod80-shaders\Shaders\PD80_03_Curved_Levels.fx" in 0.003 s.
03:02:37:045 [05180] | INFO  | Successfully compiled "C:\Projects\Reshade\3areal-shaders\Shaders\BloomAndLensFlares.fx" in 0.006 s.
03:02:37:046 [09956] | INFO  | Successfully compiled "C:\Projects\Reshade\reshade-shaders\Shaders\qUINT_bloom.fx" in 0.005 s.
03:02:37:047 [05596] | INFO  | Successfully compiled "C:\Projects\Reshade\reshade-shaders\Shaders\ColorMatrix.fx" in 0.002 s.
03:02:37:047 [05064] | INFO  | Successfully compiled "C:\Projects\Reshade\prod80-shaders\Shaders\PD80_03_Filmic_Adaptation.fx" in 0.002 s.
03:02:37:048 [10616] | INFO  | Successfully compiled "C:\Projects\Reshade\prod80-shaders\Shaders\PD80_04_Saturation_Limit.fx" in 0.003 s.
03:02:37:048 [05180] | INFO  | Successfully compiled "C:\Projects\Reshade\3areal-shaders\Shaders\PerfectPerspective.fx" in 0.003 s.
03:02:37:050 [05064] | INFO  | Successfully compiled "C:\Projects\Reshade\prod80-shaders\Shaders\PD80_03_Levels.fx" in 0.002 s.
03:02:37:050 [05596] | INFO  | Successfully compiled "C:\Projects\Reshade\reshade-shaders\Shaders\Curves.fx" in 0.003 s.
03:02:37:053 [05596] | INFO  | Successfully compiled "C:\Projects\Reshade\reshade-shaders\Shaders\DPX.fx" in 0.002 s.
03:02:37:053 [09956] | INFO  | Successfully compiled "C:\Projects\Reshade\reshade-shaders\Shaders\qUINT_dof.fx" in 0.007 s.
03:02:37:054 [05180] | INFO  | Successfully compiled "C:\Projects\Reshade\3areal-shaders\Shaders\PPFX_Bloom.fx" in 0.005 s.
03:02:37:056 [05596] | INFO  | Successfully compiled "C:\Projects\Reshade\reshade-shaders\Shaders\EyeAdaption.fx" in 0.002 s.
03:02:37:056 [05064] | INFO  | Successfully compiled "C:\Projects\Reshade\prod80-shaders\Shaders\PD80_03_Shadows_Midtones_Highlights.fx" in 0.005 s.
03:02:37:056 [10616] | INFO  | Successfully compiled "C:\Projects\Reshade\prod80-shaders\Shaders\PD80_04_Selective_Color.fx" in 0.008 s.
03:02:37:057 [09956] | INFO  | Successfully compiled "C:\Projects\Reshade\reshade-shaders\Shaders\qUINT_sharp.fx" in 0.003 s.
03:02:37:059 [05596] | INFO  | Successfully compiled "C:\Projects\Reshade\reshade-shaders\Shaders\FakeHDR.fx" in 0.003 s.
03:02:37:060 [05180] | INFO  | Successfully compiled "C:\Projects\Reshade\3areal-shaders\Shaders\Smart_Sharp.fx" in 0.005 s.
03:02:37:063 [05596] | INFO  | Successfully compiled "C:\Projects\Reshade\reshade-shaders\Shaders\FilmGrain.fx" in 0.002 s.
03:02:37:063 [05064] | INFO  | Successfully compiled "C:\Projects\Reshade\prod80-shaders\Shaders\PD80_04_BlacknWhite.fx" in 0.006 s.
03:02:37:064 [05180] | INFO  | Successfully compiled "C:\Projects\Reshade\prod80-shaders\Shaders\PD80_01A_RT_Correct_Contrast.fx" in 0.003 s.
03:02:37:065 [05064] | INFO  | Successfully compiled "C:\Projects\Reshade\prod80-shaders\Shaders\PD80_04_Color_Balance.fx" in 0.002 s.
03:02:37:067 [09956] | INFO  | Successfully compiled "C:\Projects\Reshade\reshade-shaders\Shaders\SMAA.fx" in 0.009 s.
03:02:37:069 [05180] | INFO  | Successfully compiled "C:\Projects\Reshade\prod80-shaders\Shaders\PD80_01B_RT_Correct_Color.fx" in 0.005 s.
03:02:37:069 [09956] | INFO  | Successfully compiled "C:\Projects\Reshade\reshade-shaders\Shaders\Technicolor.fx" in 0.001 s.
03:02:37:070 [05596] | INFO  | Successfully compiled "C:\Projects\Reshade\reshade-shaders\Shaders\FXAA.fx" in 0.007 s.
03:02:37:071 [09956] | INFO  | Successfully compiled "C:\Projects\Reshade\reshade-shaders\Shaders\Technicolor2.fx" in 0.001 s.
03:02:37:072 [05180] | INFO  | Successfully compiled "C:\Projects\Reshade\prod80-shaders\Shaders\PD80_01_Color_Gamut.fx" in 0.002 s.
03:02:37:072 [05596] | INFO  | Successfully compiled "C:\Projects\Reshade\reshade-shaders\Shaders\Levels.fx" in 0.001 s.
03:02:37:073 [09956] | INFO  | Successfully compiled "C:\Projects\Reshade\reshade-shaders\Shaders\Tonemap.fx" in 0.001 s.
03:02:37:073 [05064] | INFO  | Successfully compiled "C:\Projects\Reshade\prod80-shaders\Shaders\PD80_04_Color_Gradients.fx" in 0.004 s.
03:02:37:075 [09956] | INFO  | Successfully compiled "C:\Projects\Reshade\reshade-shaders\Shaders\Vibrance.fx" in 0.001 s.
03:02:37:077 [05064] | INFO  | Successfully compiled "C:\Projects\Reshade\prod80-shaders\Shaders\PD80_04_Color_Isolation.fx" in 0.003 s.
03:02:37:078 [09956] | INFO  | Successfully compiled "C:\Projects\Reshade\reshade-shaders\Shaders\Vignette.fx" in 0.002 s.
03:02:37:078 [10616] | INFO  | Successfully compiled "C:\Projects\Reshade\prod80-shaders\Shaders\PD80_04_Selective_Color_v2.fx" in 0.021 s.
03:02:37:078 [05180] | INFO  | Successfully compiled "C:\Projects\Reshade\prod80-shaders\Shaders\PD80_02_Bloom.fx" in 0.006 s.
03:02:37:080 [10616] | INFO  | Successfully compiled "C:\Projects\Reshade\prod80-shaders\Shaders\PD80_04_Technicolor.fx" in 0.002 s.
03:02:37:080 [05064] | INFO  | Successfully compiled "C:\Projects\Reshade\prod80-shaders\Shaders\PD80_04_Color_Temperature.fx" in 0.003 s.
03:02:37:082 [05180] | INFO  | Successfully compiled "C:\Projects\Reshade\prod80-shaders\Shaders\PD80_02_Bonus_LUT_pack.fx" in 0.003 s.
03:02:37:084 [10616] | INFO  | Successfully compiled "C:\Projects\Reshade\prod80-shaders\Shaders\PD80_05_Sharpening.fx" in 0.003 s.
03:02:37:086 [05180] | WARN  | Successfully compiled "C:\Projects\Reshade\prod80-shaders\Shaders\PD80_02_Cinetools_LUT.fx" in 0.003 s with warnings:
warning: V__PD80_Technique_NameName__PD80_Technique_NameTex: another effect (PD80_02_Bonus_LUT_pack.fx) already created a texture with the same name but different dimensions
warning: V__PD80_Technique_NameName__PD80_Technique_NameTex: another effect (PD80_02_Bonus_LUT_pack.fx) already created a texture with a different image file

03:02:37:087 [10616] | INFO  | Successfully compiled "C:\Projects\Reshade\prod80-shaders\Shaders\PD80_06_Chromatic_Aberration.fx" in 0.002 s.
03:02:37:088 [05064] | INFO  | Successfully compiled "C:\Projects\Reshade\prod80-shaders\Shaders\PD80_04_Contrast_Brightness_Saturation.fx" in 0.006 s.
03:02:37:088 [05180] | INFO  | Successfully compiled "C:\Projects\Reshade\prod80-shaders\Shaders\PD80_02_LUT_Creator.fx" in 0.002 s.
03:02:37:091 [10616] | INFO  | Successfully compiled "C:\Projects\Reshade\prod80-shaders\Shaders\PD80_06_Depth_Slicer.fx" in 0.004 s.
03:02:37:097 [10616] | INFO  | Successfully compiled "C:\Projects\Reshade\prod80-shaders\Shaders\PD80_06_Film_Grain.fx" in 0.005 s.
03:02:37:099 [10616] | INFO  | Successfully compiled "C:\Projects\Reshade\prod80-shaders\Shaders\PD80_06_Luma_Fade.fx" in 0.001 s.
03:02:37:101 [10616] | INFO  | Successfully compiled "C:\Projects\Reshade\prod80-shaders\Shaders\PD80_06_Posterize_Pixelate.fx" in 0.002 s.
